<?xml version="1.0" encoding="UTF-8"?>
<testng-results ignored="0" total="2" passed="2" failed="0" skipped="0">
  <reporter-output>
  </reporter-output>
  <suite started-at="2023-05-01T17:33:14 IST" name="miniTest" finished-at="2023-05-01T17:33:34 IST" duration-ms="20348">
    <groups>
    </groups>
    <test started-at="2023-05-01T17:33:14 IST" name="dummyTest" finished-at="2023-05-01T17:33:34 IST" duration-ms="20348">
      <class name="Mytest.programFirst">
        <test-method is-config="true" signature="ProjectsetUp()[pri:0, instance:Mytest.programFirst@fa49800]" started-at="2023-05-01T17:33:14 IST" name="ProjectsetUp" finished-at="2023-05-01T17:33:25 IST" duration-ms="11013" status="PASS">
          <reporter-output>
          </reporter-output>
        </test-method> <!-- ProjectsetUp -->
        <test-method signature="verifyLogo()[pri:0, instance:Mytest.programFirst@fa49800]" started-at="2023-05-01T17:33:25 IST" name="verifyLogo" finished-at="2023-05-01T17:33:26 IST" duration-ms="802" status="PASS">
          <reporter-output>
          </reporter-output>
        </test-method> <!-- verifyLogo -->
        <test-method is-config="true" signature="tearDown()[pri:0, instance:Mytest.programFirst@fa49800]" started-at="2023-05-01T17:33:26 IST" name="tearDown" finished-at="2023-05-01T17:33:27 IST" duration-ms="847" status="PASS">
          <reporter-output>
          </reporter-output>
        </test-method> <!-- tearDown -->
        <test-method is-config="true" signature="ProjectsetUp()[pri:0, instance:Mytest.programFirst@fa49800]" started-at="2023-05-01T17:33:27 IST" name="ProjectsetUp" finished-at="2023-05-01T17:33:34 IST" duration-ms="6933" status="PASS">
          <reporter-output>
          </reporter-output>
        </test-method> <!-- ProjectsetUp -->
        <test-method signature="verifyTitle()[pri:0, instance:Mytest.programFirst@fa49800]" started-at="2023-05-01T17:33:34 IST" name="verifyTitle" finished-at="2023-05-01T17:33:34 IST" duration-ms="256" status="PASS">
          <reporter-output>
          </reporter-output>
        </test-method> <!-- verifyTitle -->
        <test-method is-config="true" signature="tearDown()[pri:0, instance:Mytest.programFirst@fa49800]" started-at="2023-05-01T17:33:34 IST" name="tearDown" finished-at="2023-05-01T17:33:34 IST" duration-ms="324" status="PASS">
          <reporter-output>
          </reporter-output>
        </test-method> <!-- tearDown -->
      </class> <!-- Mytest.programFirst -->
    </test> <!-- dummyTest -->
  </suite> <!-- miniTest -->
</testng-results>
